<?xml version="1.0" encoding="UTF-8"?>
<testng-results ignored="0" total="0" passed="0" failed="0" skipped="0">
  <reporter-output>
  </reporter-output>
  <suite started-at="2022-07-05T14:40:50 IST" name="TestCases.TestCase1" finished-at="2022-07-05T14:40:50 IST" duration-ms="10">
    <groups>
    </groups>
    <test started-at="2022-07-05T14:40:50 IST" name="Command line test" finished-at="2022-07-05T14:40:50 IST" duration-ms="10">
    </test> <!-- Command line test -->
  </suite> <!-- TestCases.TestCase1 -->
</testng-results>
